0 info it worked if it ends with ok
1 verbose cli [ '/usr/local/bin/node', '/usr/local/bin/npm', 'publish', './' ]
2 info using npm@3.5.2
3 info using node@v5.1.0
4 verbose publish [ './' ]
5 silly cache add args [ './', null ]
6 verbose cache add spec ./
7 silly cache add parsed spec Result {
7 silly cache add   raw: './',
7 silly cache add   scope: null,
7 silly cache add   name: null,
7 silly cache add   rawSpec: './',
7 silly cache add   spec: '/Users/jay/Desktop/react-autocomplete',
7 silly cache add   type: 'directory' }
8 verbose addLocalDirectory /Users/jay/.npm/react-autocomplete-with-onBlur-onFocus/0.1.0/package.tgz not in flight; packing
9 info lifecycle react-autocomplete-with-onBlur-onFocus@0.1.0~prepublish: react-autocomplete-with-onBlur-onFocus@0.1.0
10 silly lifecycle react-autocomplete-with-onBlur-onFocus@0.1.0~prepublish: no script for prepublish, continuing
11 verbose tar pack [ '/Users/jay/.npm/react-autocomplete-with-onBlur-onFocus/0.1.0/package.tgz',
11 verbose tar pack   '/Users/jay/Desktop/react-autocomplete' ]
12 verbose tarball /Users/jay/.npm/react-autocomplete-with-onBlur-onFocus/0.1.0/package.tgz
13 verbose folder /Users/jay/Desktop/react-autocomplete
14 verbose addLocalTarball adding from inside cache /Users/jay/.npm/react-autocomplete-with-onBlur-onFocus/0.1.0/package.tgz
15 silly cache afterAdd react-autocomplete-with-onBlur-onFocus@0.1.0
16 verbose afterAdd /Users/jay/.npm/react-autocomplete-with-onBlur-onFocus/0.1.0/package/package.json not in flight; writing
17 verbose afterAdd /Users/jay/.npm/react-autocomplete-with-onBlur-onFocus/0.1.0/package/package.json written
18 silly publish { name: 'react-autocomplete-with-onBlur-onFocus',
18 silly publish   version: '0.1.0',
18 silly publish   description: 'Accessible, extensible, Autocomplete for React.js',
18 silly publish   main: './lib/index.js',
18 silly publish   repository:
18 silly publish    { type: 'git',
18 silly publish      url: 'git+https://github.com/iamdevonbutler/react-autocomplete.git' },
18 silly publish   homepage: 'https://github.com/rackt/react-autocomplete',
18 silly publish   bugs: { url: 'https://github.com/iamdevonbutler/react-autocomplete/issues' },
18 silly publish   directories: { example: 'examples' },
18 silly publish   scripts: { test: 'echo \'lol\'', start: 'rackt server' },
18 silly publish   authors:
18 silly publish    [ 'Ryan Florence <rpflorence@gmail.com>',
18 silly publish      'Jason Pescione <jpescione@gmail.com>' ],
18 silly publish   license: 'MIT',
18 silly publish   devDependencies:
18 silly publish    { 'rackt-cli': '^0.4.0',
18 silly publish      react: '^0.14.1',
18 silly publish      'react-dom': '^0.14.1' },
18 silly publish   tags: [ 'react', 'autocomplete', 'combobox', 'a11y' ],
18 silly publish   keywords: [],
18 silly publish   dependencies: { 'dom-scroll-into-view': '1.0.1' },
18 silly publish   readme: 'React Autocomplete\n==================\n\nFork of react-autocomplete.\n\nAdds `onBlur` and `onFocus` event handling. Uses React DOM to fix React 1.4 error messages. That\'s it.\n\nnpm i --save react-autocomplete-with-onBlur-onFocus\n\n---\n\nAccessible, extensible, Autocomplete for React.js.\n\nDocs coming soon, for now just look at the `propTypes` and examples :)\n\nTrying to settle on the right API, and then focus hard on accessibility,\nthere are a few missing bits right now.\n\nStuff we need help with:\n\n- mobile support verification generally\n- default mobile styles/positioniong (you\'ll notice the styles are\n  pretty lean, on purpose, apps should style this however they\'d like)\n- tests (eventually)\n',
18 silly publish   readmeFilename: 'README.md',
18 silly publish   gitHead: '3cf4a0311587f0520e2a0e2b68fa4ba8e5a90cd9',
18 silly publish   _id: 'react-autocomplete-with-onBlur-onFocus@0.1.0',
18 silly publish   _shasum: 'ddc95e2400eb1cca92c8f9572ee3e85efb4f3498',
18 silly publish   _from: '.' }
19 verbose getPublishConfig undefined
20 silly mapToRegistry name react-autocomplete-with-onBlur-onFocus
21 silly mapToRegistry using default registry
22 silly mapToRegistry registry https://registry.npmjs.org/
23 silly mapToRegistry uri https://registry.npmjs.org/react-autocomplete-with-onBlur-onFocus
24 verbose publish registryBase https://registry.npmjs.org/
25 silly publish uploading /Users/jay/.npm/react-autocomplete-with-onBlur-onFocus/0.1.0/package.tgz
26 verbose request uri https://registry.npmjs.org/react-autocomplete-with-onBlur-onFocus
27 verbose request sending authorization for write operation
28 info attempt registry request try #1 at 11:09:24 AM
29 verbose request using bearer token for auth
30 verbose request id 7a18782a90388cd4
31 http request PUT https://registry.npmjs.org/react-autocomplete-with-onBlur-onFocus
32 http 400 https://registry.npmjs.org/react-autocomplete-with-onBlur-onFocus
33 verbose headers { 'content-type': 'application/json',
33 verbose headers   'cache-control': 'max-age=300',
33 verbose headers   'content-length': '54',
33 verbose headers   'accept-ranges': 'bytes',
33 verbose headers   date: 'Fri, 08 Jan 2016 16:09:23 GMT',
33 verbose headers   via: '1.1 varnish',
33 verbose headers   connection: 'keep-alive',
33 verbose headers   'x-served-by': 'cache-iad2145-IAD',
33 verbose headers   'x-cache': 'MISS',
33 verbose headers   'x-cache-hits': '0',
33 verbose headers   'x-timer': 'S1452269362.357221,VS0,VE1107' }
34 verbose request invalidating /Users/jay/.npm/registry.npmjs.org/react-autocomplete-with-onBlur-onFocus on PUT
35 error publish Failed PUT 400
36 verbose stack Error: name can no longer contain capital letters : react-autocomplete-with-onBlur-onFocus
36 verbose stack     at makeError (/usr/local/lib/node_modules/npm/node_modules/npm-registry-client/lib/request.js:264:12)
36 verbose stack     at CachingRegistryClient.<anonymous> (/usr/local/lib/node_modules/npm/node_modules/npm-registry-client/lib/request.js:252:14)
36 verbose stack     at Request._callback (/usr/local/lib/node_modules/npm/node_modules/npm-registry-client/lib/request.js:172:14)
36 verbose stack     at Request.self.callback (/usr/local/lib/node_modules/npm/node_modules/request/request.js:198:22)
36 verbose stack     at emitTwo (events.js:87:13)
36 verbose stack     at Request.emit (events.js:172:7)
36 verbose stack     at Request.<anonymous> (/usr/local/lib/node_modules/npm/node_modules/request/request.js:1082:10)
36 verbose stack     at emitOne (events.js:82:20)
36 verbose stack     at Request.emit (events.js:169:7)
36 verbose stack     at IncomingMessage.<anonymous> (/usr/local/lib/node_modules/npm/node_modules/request/request.js:1009:12)
37 verbose statusCode 400
38 verbose pkgid react-autocomplete-with-onBlur-onFocus
39 verbose cwd /Users/jay/Desktop/react-autocomplete
40 error Darwin 14.5.0
41 error argv "/usr/local/bin/node" "/usr/local/bin/npm" "publish" "./"
42 error node v5.1.0
43 error npm  v3.5.2
44 error code E400
45 error name can no longer contain capital letters : react-autocomplete-with-onBlur-onFocus
46 error If you need help, you may report this error at:
46 error     <https://github.com/npm/npm/issues>
47 verbose exit [ 1, true ]
